This file contains any messages produced by compilers while
running configure, to aid debugging if configure makes a mistake.

It was created by configure, which was
generated by GNU Autoconf 2.67.  Invocation command line was

  $ ./configure 

## --------- ##
## Platform. ##
## --------- ##

hostname = staging.searchanise.com
uname -m = i686
uname -r = 2.6.32-5-xen-686
uname -s = Linux
uname -v = #1 SMP Mon Jun 13 09:07:50 UTC 2011

/usr/bin/uname -p = unknown
/bin/uname -X     = unknown

/bin/arch              = unknown
/usr/bin/arch -k       = unknown
/usr/convex/getsysinfo = unknown
/usr/bin/hostinfo      = unknown
/bin/machine           = unknown
/usr/bin/oslevel       = unknown
/bin/universe          = unknown

PATH: /usr/local/sbin
PATH: /usr/local/bin
PATH: /usr/sbin
PATH: /usr/bin
PATH: /sbin
PATH: /bin


## ----------- ##
## Core tests. ##
## ----------- ##

configure:2184: checking for grep that handles long lines and -e
configure:2242: result: /bin/grep
configure:2247: checking for egrep
configure:2309: result: /bin/grep -E
configure:2314: checking for a sed that does not truncate output
configure:2378: result: /bin/sed
configure:2512: checking for cc
configure:2528: found /usr/bin/cc
configure:2539: result: cc
configure:2570: checking for C compiler version
configure:2579: cc --version >&5
cc (Debian 4.4.5-8) 4.4.5
Copyright (C) 2010 Free Software Foundation, Inc.
This is free software; see the source for copying conditions.  There is NO
warranty; not even for MERCHANTABILITY or FITNESS FOR A PARTICULAR PURPOSE.

configure:2590: $? = 0
configure:2579: cc -v >&5
Using built-in specs.
Target: i486-linux-gnu
Configured with: ../src/configure -v --with-pkgversion='Debian 4.4.5-8' --with-bugurl=file:///usr/share/doc/gcc-4.4/README.Bugs --enable-languages=c,c++,fortran,objc,obj-c++ --prefix=/usr --program-suffix=-4.4 --enable-shared --enable-multiarch --enable-linker-build-id --with-system-zlib --libexecdir=/usr/lib --without-included-gettext --enable-threads=posix --with-gxx-include-dir=/usr/include/c++/4.4 --libdir=/usr/lib --enable-nls --enable-clocale=gnu --enable-libstdcxx-debug --enable-objc-gc --enable-targets=all --with-arch-32=i586 --with-tune=generic --enable-checking=release --build=i486-linux-gnu --host=i486-linux-gnu --target=i486-linux-gnu
Thread model: posix
gcc version 4.4.5 (Debian 4.4.5-8) 
configure:2590: $? = 0
configure:2579: cc -V >&5
cc: '-V' option must have argument
configure:2590: $? = 1
configure:2579: cc -qversion >&5
cc: unrecognized option '-qversion'
cc: no input files
configure:2590: $? = 1
configure:2610: checking whether the C compiler works
configure:2632: cc    conftest.c  >&5
configure:2636: $? = 0
configure:2684: result: yes
configure:2687: checking for C compiler default output file name
configure:2689: result: a.out
configure:2695: checking for suffix of executables
configure:2702: cc -o conftest    conftest.c  >&5
configure:2706: $? = 0
configure:2728: result: 
configure:2750: checking whether we are cross compiling
configure:2758: cc -o conftest    conftest.c  >&5
configure:2762: $? = 0
configure:2769: ./conftest
configure:2773: $? = 0
configure:2788: result: no
configure:2793: checking for suffix of object files
configure:2815: cc -c   conftest.c >&5
configure:2819: $? = 0
configure:2840: result: o
configure:2844: checking whether we are using the GNU C compiler
configure:2863: cc -c   conftest.c >&5
configure:2863: $? = 0
configure:2872: result: yes
configure:2881: checking whether cc accepts -g
configure:2901: cc -c -g  conftest.c >&5
configure:2901: $? = 0
configure:2942: result: yes
configure:2959: checking for cc option to accept ISO C89
configure:3023: cc  -c -g -O2  conftest.c >&5
configure:3023: $? = 0
configure:3036: result: none needed
configure:3062: checking how to run the C preprocessor
configure:3093: cc -E  conftest.c
configure:3093: $? = 0
configure:3107: cc -E  conftest.c
conftest.c:9:28: error: ac_nonexistent.h: No such file or directory
configure:3107: $? = 1
configure: failed program was:
| /* confdefs.h */
| #define PACKAGE_NAME ""
| #define PACKAGE_TARNAME ""
| #define PACKAGE_VERSION ""
| #define PACKAGE_STRING ""
| #define PACKAGE_BUGREPORT ""
| #define PACKAGE_URL ""
| /* end confdefs.h.  */
| #include <ac_nonexistent.h>
configure:3132: result: cc -E
configure:3152: cc -E  conftest.c
configure:3152: $? = 0
configure:3166: cc -E  conftest.c
conftest.c:9:28: error: ac_nonexistent.h: No such file or directory
configure:3166: $? = 1
configure: failed program was:
| /* confdefs.h */
| #define PACKAGE_NAME ""
| #define PACKAGE_TARNAME ""
| #define PACKAGE_VERSION ""
| #define PACKAGE_STRING ""
| #define PACKAGE_BUGREPORT ""
| #define PACKAGE_URL ""
| /* end confdefs.h.  */
| #include <ac_nonexistent.h>
configure:3197: checking for icc
configure:3206: result: no
configure:3220: checking for suncc
configure:3229: result: no
configure:3247: checking whether cc understands -c and -o together
configure:3275: cc -c conftest.c -o conftest2.o >&5
configure:3279: $? = 0
configure:3285: cc -c conftest.c -o conftest2.o >&5
configure:3289: $? = 0
configure:3344: result: yes
configure:3358: checking for system library directory
configure:3373: result: lib
configure:3380: checking if compiler supports -R
configure:3399: cc -o conftest -g -O2   conftest.c -R /usr/lib  >&5
cc: unrecognized option '-R'
/usr/bin/ld: /usr/lib: No such file: File format not recognized
collect2: ld returned 1 exit status
configure:3399: $? = 1
configure: failed program was:
| /* confdefs.h */
| #define PACKAGE_NAME ""
| #define PACKAGE_TARNAME ""
| #define PACKAGE_VERSION ""
| #define PACKAGE_STRING ""
| #define PACKAGE_BUGREPORT ""
| #define PACKAGE_URL ""
| /* end confdefs.h.  */
| 
| int
| main ()
| {
| 
|   ;
|   return 0;
| }
configure:3409: result: no
configure:3414: checking if compiler supports -Wl,-rpath,
configure:3433: cc -o conftest -g -O2   conftest.c -Wl,-rpath,/usr/lib  >&5
configure:3433: $? = 0
configure:3443: result: yes
configure:3488: checking build system type
configure:3502: result: i686-pc-linux-gnu
configure:3522: checking host system type
configure:3535: result: i686-pc-linux-gnu
configure:3555: checking target system type
configure:3568: result: i686-pc-linux-gnu
configure:3671: checking for PHP prefix
configure:3673: result: /usr
configure:3675: checking for PHP includes
configure:3677: result: -I/usr/include/php5 -I/usr/include/php5/main -I/usr/include/php5/TSRM -I/usr/include/php5/Zend -I/usr/include/php5/ext -I/usr/include/php5/ext/date/lib -D_LARGEFILE_SOURCE -D_FILE_OFFSET_BITS=64
configure:3679: checking for PHP extension directory
configure:3681: result: /usr/lib/php5/20090626+lfs
configure:3683: checking for PHP installed headers prefix
configure:3685: result: /usr/include/php5
configure:3688: checking if debug is enabled
configure:3714: result: no
configure:3717: checking if zts is enabled
configure:3743: result: no
configure:3817: checking for re2c
configure:3847: result: no
configure:3872: WARNING: You will need re2c 0.13.4 or later if you want to regenerate PHP parsers.
configure:3886: checking for gawk
configure:3917: result: no
configure:3886: checking for nawk
configure:3903: found /usr/bin/nawk
configure:3914: result: nawk
configure:3937: checking if nawk is broken
configure:3944: result: no
configure:3960: checking for hunspell support
configure:4000: result: yes, shared
configure:4013: checking for hunspell files in default path
configure:4018: result: found in /usr
configure:4512: checking for a sed that does not truncate output
configure:4576: result: /bin/sed
configure:4594: checking for fgrep
configure:4656: result: /bin/grep -F
configure:4691: checking for ld used by cc
configure:4758: result: /usr/bin/ld
configure:4765: checking if the linker (/usr/bin/ld) is GNU ld
configure:4780: result: yes
configure:4792: checking for BSD- or MS-compatible name lister (nm)
configure:4841: result: /usr/bin/nm -B
configure:4959: checking the name lister (/usr/bin/nm -B) interface
configure:4966: cc -c -g -O2  conftest.c >&5
configure:4969: /usr/bin/nm -B "conftest.o"
configure:4972: output
00000000 B some_variable
configure:4979: result: BSD nm
configure:4982: checking whether ln -s works
configure:4986: result: yes
configure:4994: checking the maximum length of command line arguments
configure:5114: result: 1572864
configure:5131: checking whether the shell understands some XSI constructs
configure:5141: result: yes
configure:5145: checking whether the shell understands "+="
configure:5151: result: yes
configure:5186: checking for /usr/bin/ld option to reload object files
configure:5193: result: -r
configure:5262: checking for objdump
configure:5278: found /usr/bin/objdump
configure:5289: result: objdump
configure:5321: checking how to recognize dependent libraries
configure:5517: result: pass_all
configure:5577: checking for ar
configure:5593: found /usr/bin/ar
configure:5604: result: ar
configure:5682: checking for strip
configure:5698: found /usr/bin/strip
configure:5709: result: strip
configure:5781: checking for ranlib
configure:5797: found /usr/bin/ranlib
configure:5808: result: ranlib
configure:5898: checking command to parse /usr/bin/nm -B output from cc object
configure:6016: cc -c -g -O2  conftest.c >&5
configure:6019: $? = 0
configure:6023: /usr/bin/nm -B conftest.o \| sed -n -e 's/^.*[	 ]\([ABCDGIRSTW][ABCDGIRSTW]*\)[	 ][	 ]*\([_A-Za-z][_A-Za-z0-9]*\)$/\1 \2 \2/p' \> conftest.nm
configure:6026: $? = 0
configure:6080: cc -o conftest -g -O2   conftest.c conftstm.o >&5
configure:6083: $? = 0
configure:6121: result: ok
configure:6924: checking for ANSI C header files
configure:6944: cc -c -g -O2  conftest.c >&5
configure:6944: $? = 0
configure:7017: cc -o conftest -g -O2   conftest.c  >&5
configure:7017: $? = 0
configure:7017: ./conftest
configure:7017: $? = 0
configure:7028: result: yes
configure:7041: checking for sys/types.h
configure:7041: cc -c -g -O2  conftest.c >&5
configure:7041: $? = 0
configure:7041: result: yes
configure:7041: checking for sys/stat.h
configure:7041: cc -c -g -O2  conftest.c >&5
configure:7041: $? = 0
configure:7041: result: yes
configure:7041: checking for stdlib.h
configure:7041: cc -c -g -O2  conftest.c >&5
configure:7041: $? = 0
configure:7041: result: yes
configure:7041: checking for string.h
configure:7041: cc -c -g -O2  conftest.c >&5
configure:7041: $? = 0
configure:7041: result: yes
configure:7041: checking for memory.h
configure:7041: cc -c -g -O2  conftest.c >&5
configure:7041: $? = 0
configure:7041: result: yes
configure:7041: checking for strings.h
configure:7041: cc -c -g -O2  conftest.c >&5
configure:7041: $? = 0
configure:7041: result: yes
configure:7041: checking for inttypes.h
configure:7041: cc -c -g -O2  conftest.c >&5
configure:7041: $? = 0
configure:7041: result: yes
configure:7041: checking for stdint.h
configure:7041: cc -c -g -O2  conftest.c >&5
configure:7041: $? = 0
configure:7041: result: yes
configure:7041: checking for unistd.h
configure:7041: cc -c -g -O2  conftest.c >&5
configure:7041: $? = 0
configure:7041: result: yes
configure:7055: checking for dlfcn.h
configure:7055: cc -c -g -O2  conftest.c >&5
configure:7055: $? = 0
configure:7055: result: yes
configure:7239: checking for objdir
configure:7254: result: .libs
configure:7550: checking if cc supports -fno-rtti -fno-exceptions
configure:7568: cc -c -g -O2  -fno-rtti -fno-exceptions conftest.c >&5
cc1: warning: command line option "-fno-rtti" is valid for C++/ObjC++ but not for C
configure:7572: $? = 0
configure:7585: result: no
configure:7605: checking for cc option to produce PIC
configure:7877: result: -fPIC -DPIC
configure:7889: checking if cc PIC flag -fPIC -DPIC works
configure:7907: cc -c -g -O2  -fPIC -DPIC -DPIC conftest.c >&5
configure:7911: $? = 0
configure:7924: result: yes
configure:7948: checking if cc static flag -static works
configure:7976: result: yes
configure:7991: checking if cc supports -c -o file.o
configure:8012: cc -c -g -O2  -o out/conftest2.o conftest.c >&5
configure:8016: $? = 0
configure:8038: result: yes
configure:8046: checking if cc supports -c -o file.o
configure:8093: result: yes
configure:8126: checking whether the cc linker (/usr/bin/ld) supports shared libraries
configure:9117: result: yes
configure:9154: checking whether -lc should be explicitly linked in
configure:9159: cc -c -g -O2  conftest.c >&5
configure:9162: $? = 0
configure:9177: cc -shared conftest.o  -v -Wl,-soname -Wl,conftest -o conftest 2\>\&1 \| /bin/grep  -lc  \>/dev/null 2\>\&1
configure:9180: $? = 0
configure:9192: result: no
configure:9356: checking dynamic linker characteristics
configure:9789: cc -o conftest -g -O2   -Wl,-rpath -Wl,/foo conftest.c  >&5
configure:9789: $? = 0
configure:10019: result: GNU/Linux ld.so
configure:10121: checking how to hardcode library paths into programs
configure:10146: result: immediate
configure:10666: checking whether stripping libraries is possible
configure:10671: result: yes
configure:10706: checking if libtool supports shared libraries
configure:10708: result: yes
configure:10711: checking whether to build shared libraries
configure:10732: result: yes
configure:10735: checking whether to build static libraries
configure:10739: result: no
configure:11002: creating ./config.status

## ---------------------- ##
## Running config.status. ##
## ---------------------- ##

This file was extended by config.status, which was
generated by GNU Autoconf 2.67.  Invocation command line was

  CONFIG_FILES    = 
  CONFIG_HEADERS  = 
  CONFIG_LINKS    = 
  CONFIG_COMMANDS = 
  $ ./config.status 

on staging.searchanise.com

config.status:882: creating config.h
config.status:972: config.h is unchanged
config.status:986: executing libtool commands

## ---------------- ##
## Cache variables. ##
## ---------------- ##

ac_cv_build=i686-pc-linux-gnu
ac_cv_c_compiler_gnu=yes
ac_cv_env_CC_set=
ac_cv_env_CC_value=
ac_cv_env_CFLAGS_set=
ac_cv_env_CFLAGS_value=
ac_cv_env_CPPFLAGS_set=
ac_cv_env_CPPFLAGS_value=
ac_cv_env_CPP_set=
ac_cv_env_CPP_value=
ac_cv_env_LDFLAGS_set=
ac_cv_env_LDFLAGS_value=
ac_cv_env_LIBS_set=
ac_cv_env_LIBS_value=
ac_cv_env_build_alias_set=
ac_cv_env_build_alias_value=
ac_cv_env_host_alias_set=
ac_cv_env_host_alias_value=
ac_cv_env_target_alias_set=
ac_cv_env_target_alias_value=
ac_cv_header_dlfcn_h=yes
ac_cv_header_inttypes_h=yes
ac_cv_header_memory_h=yes
ac_cv_header_stdc=yes
ac_cv_header_stdint_h=yes
ac_cv_header_stdlib_h=yes
ac_cv_header_string_h=yes
ac_cv_header_strings_h=yes
ac_cv_header_sys_stat_h=yes
ac_cv_header_sys_types_h=yes
ac_cv_header_unistd_h=yes
ac_cv_host=i686-pc-linux-gnu
ac_cv_objext=o
ac_cv_path_EGREP='/bin/grep -E'
ac_cv_path_FGREP='/bin/grep -F'
ac_cv_path_GREP=/bin/grep
ac_cv_path_SED=/bin/sed
ac_cv_prog_AWK=nawk
ac_cv_prog_CPP='cc -E'
ac_cv_prog_ac_ct_AR=ar
ac_cv_prog_ac_ct_CC=cc
ac_cv_prog_ac_ct_OBJDUMP=objdump
ac_cv_prog_ac_ct_RANLIB=ranlib
ac_cv_prog_ac_ct_STRIP=strip
ac_cv_prog_cc_c89=
ac_cv_prog_cc_cc_c_o=yes
ac_cv_prog_cc_g=yes
ac_cv_target=i686-pc-linux-gnu
lt_cv_deplibs_check_method=pass_all
lt_cv_file_magic_cmd='$MAGIC_CMD'
lt_cv_file_magic_test_file=
lt_cv_ld_reload_flag=-r
lt_cv_nm_interface='BSD nm'
lt_cv_objdir=.libs
lt_cv_path_LD=/usr/bin/ld
lt_cv_path_NM='/usr/bin/nm -B'
lt_cv_prog_compiler_c_o=yes
lt_cv_prog_compiler_pic_works=yes
lt_cv_prog_compiler_rtti_exceptions=no
lt_cv_prog_compiler_static_works=yes
lt_cv_prog_gnu_ld=yes
lt_cv_sys_global_symbol_pipe='sed -n -e '\''s/^.*[	 ]\([ABCDGIRSTW][ABCDGIRSTW]*\)[	 ][	 ]*\([_A-Za-z][_A-Za-z0-9]*\)$/\1 \2 \2/p'\'''
lt_cv_sys_global_symbol_to_c_name_address='sed -n -e '\''s/^: \([^ ]*\) $/  {\"\1\", (void *) 0},/p'\'' -e '\''s/^[ABCDGIRSTW]* \([^ ]*\) \([^ ]*\)$/  {"\2", (void *) \&\2},/p'\'''
lt_cv_sys_global_symbol_to_c_name_address_lib_prefix='sed -n -e '\''s/^: \([^ ]*\) $/  {\"\1\", (void *) 0},/p'\'' -e '\''s/^[ABCDGIRSTW]* \([^ ]*\) \(lib[^ ]*\)$/  {"\2", (void *) \&\2},/p'\'' -e '\''s/^[ABCDGIRSTW]* \([^ ]*\) \([^ ]*\)$/  {"lib\2", (void *) \&\2},/p'\'''
lt_cv_sys_global_symbol_to_cdecl='sed -n -e '\''s/^T .* \(.*\)$/extern int \1();/p'\'' -e '\''s/^[ABCDGIRSTW]* .* \(.*\)$/extern char \1;/p'\'''
lt_cv_sys_max_cmd_len=1572864
php_cv_cc_dashr=no
php_cv_cc_rpath=yes

## ----------------- ##
## Output variables. ##
## ----------------- ##

AR='ar'
AWK='nawk'
CC='cc'
CFLAGS='-g -O2'
CONFIGURE_COMMAND=' '\''./configure'\'' '
CONFIGURE_OPTIONS=''
CPP='cc -E'
CPPFLAGS=' -DHAVE_CONFIG_H'
DEFS='-DHAVE_CONFIG_H'
DSYMUTIL=''
DUMPBIN=''
ECHO_C=''
ECHO_N='-n'
ECHO_T=''
EGREP='/bin/grep -E'
EXEEXT=''
FGREP='/bin/grep -F'
GREP='/bin/grep'
LD='/usr/bin/ld'
LDFLAGS=''
LIBOBJS=''
LIBS=''
LIBTOOL='$(SHELL) $(top_builddir)/libtool'
LIPO=''
LN_S='ln -s'
LTLIBOBJS=''
NM='/usr/bin/nm -B'
NMEDIT=''
OBJDUMP='objdump'
OBJEXT='o'
OTOOL64=''
OTOOL=''
PACKAGE_BUGREPORT=''
PACKAGE_NAME=''
PACKAGE_STRING=''
PACKAGE_TARNAME=''
PACKAGE_URL=''
PACKAGE_VERSION=''
PATH_SEPARATOR=':'
RANLIB='ranlib'
RE2C='exit 0;'
SED='/bin/sed'
SHELL='/bin/bash'
SHLIB_DL_SUFFIX_NAME='so'
SHLIB_SUFFIX_NAME='so'
STRIP='strip'
ac_ct_CC='cc'
ac_ct_DUMPBIN=''
bindir='${exec_prefix}/bin'
build='i686-pc-linux-gnu'
build_alias=''
build_cpu='i686'
build_os='linux-gnu'
build_vendor='pc'
datadir='${datarootdir}'
datarootdir='${prefix}/share'
docdir='${datarootdir}/doc/${PACKAGE}'
dvidir='${docdir}'
exec_prefix='$(prefix)'
host='i686-pc-linux-gnu'
host_alias='i686-pc-linux-gnu'
host_cpu='i686'
host_os='linux-gnu'
host_vendor='pc'
htmldir='${docdir}'
includedir='${prefix}/include'
infodir='${datarootdir}/info'
libdir='${exec_prefix}/lib'
libexecdir='${exec_prefix}/libexec'
localedir='${datarootdir}/locale'
localstatedir='${prefix}/var'
lt_ECHO='echo'
mandir='${datarootdir}/man'
oldincludedir='/usr/include'
pdfdir='${docdir}'
prefix='/usr'
program_transform_name='s,x,x,'
psdir='${docdir}'
sbindir='${exec_prefix}/sbin'
sharedstatedir='${prefix}/com'
sysconfdir='${prefix}/etc'
target='i686-pc-linux-gnu'
target_alias=''
target_cpu='i686'
target_os='linux-gnu'
target_vendor='pc'

## ----------- ##
## confdefs.h. ##
## ----------- ##

/* confdefs.h */
#define PACKAGE_NAME ""
#define PACKAGE_TARNAME ""
#define PACKAGE_VERSION ""
#define PACKAGE_STRING ""
#define PACKAGE_BUGREPORT ""
#define PACKAGE_URL ""
#define HAVE_HUNSPELLLIB 1
#define HAVE_HUNSPELLLIB 1
#define COMPILE_DL_HUNSPELL 1
#define STDC_HEADERS 1
#define HAVE_SYS_TYPES_H 1
#define HAVE_SYS_STAT_H 1
#define HAVE_STDLIB_H 1
#define HAVE_STRING_H 1
#define HAVE_MEMORY_H 1
#define HAVE_STRINGS_H 1
#define HAVE_INTTYPES_H 1
#define HAVE_STDINT_H 1
#define HAVE_UNISTD_H 1
#define HAVE_DLFCN_H 1
#define LT_OBJDIR ".libs/"

configure: exit 0
